2025-07-22 17:50:33 [INFO] Loading dataset information...
2025-07-22 17:50:33 [INFO] ================================================================================
2025-07-22 17:50:33 [INFO] EXPERIMENT CONFIGURATION
2025-07-22 17:50:33 [INFO] ================================================================================
2025-07-22 17:50:33 [INFO] Dataset          : Scene-15
2025-07-22 17:50:33 [INFO] Missing Rate     : 0.5
2025-07-22 17:50:33 [INFO] Selection Ratio  : 0.5
2025-07-22 17:50:33 [INFO] Number of Views  : 3
2025-07-22 17:50:33 [INFO] Number of Classes: 15
2025-07-22 17:50:33 [INFO] Data Size        : 4485
2025-07-22 17:50:33 [INFO] View Dimensions  : [20, 59, 40]
2025-07-22 17:50:33 [INFO] ----------------------------------------
2025-07-22 17:50:33 [INFO] Epochs           : 300
2025-07-22 17:50:33 [INFO] Initial Epochs   : 200
2025-07-22 17:50:33 [INFO] Batch Size       : 256
2025-07-22 17:50:33 [INFO] Learning Rate    : 0.0005
2025-07-22 17:50:33 [INFO] Prior LR         : 0.05
2025-07-22 17:50:33 [INFO] Latent Dim       : 10
2025-07-22 17:50:33 [INFO] Alpha            : 20
2025-07-22 17:50:33 [INFO] Seed             : 19
2025-07-22 17:50:33 [INFO] Device           : cuda
2025-07-22 17:50:33 [INFO] Likelihood       : Gaussian
2025-07-22 17:50:33 [INFO] Test Times       : 5
2025-07-22 17:50:33 [INFO] ================================================================================
2025-07-22 17:50:33 [INFO] 🧪 Test Run 1/5
2025-07-22 17:50:33 [INFO] ------------------------------------------------------------
2025-07-22 17:50:34 [INFO] Initializing......
2025-07-22 17:50:45 [INFO] Training......
2025-07-22 17:50:48 [INFO] --------------------------------------------------
2025-07-22 17:50:48 [INFO] Information Matrix Statistics:
2025-07-22 17:50:48 [INFO] View 1: Missing=3679, Score Mean=626.8685±164.8883, Range=[63.5916, 914.8580]
2025-07-22 17:50:48 [INFO] View 2: Missing=2488, Score Mean=1411.7834±298.3148, Range=[263.2067, 1980.9639]
2025-07-22 17:50:48 [INFO] View 3: Missing=561, Score Mean=1144.5492±327.3806, Range=[285.7695, 2089.9448]
2025-07-22 17:50:48 [INFO] Global Missing: Total=6728, Score Mean=960.2941±442.3975
2025-07-22 17:50:48 [INFO] --------------------------------------------------
2025-07-22 17:50:48 [INFO] Inter-view Correlation Matrix:
2025-07-22 17:50:48 [INFO] View 1:  1.000  0.937  0.896 
2025-07-22 17:50:48 [INFO] View 2:  0.937  1.000  0.791 
2025-07-22 17:50:48 [INFO] View 3:  0.896  0.791  1.000 
2025-07-22 17:50:48 [INFO] --------------------------------------------------
2025-07-22 17:50:48 [INFO] Selective Imputation: 3364/6728.0 (50.0%) positions will be imputed
2025-07-22 17:50:48 [INFO] ==================================================
2025-07-22 17:51:11 [INFO] Train Loss:43.74 Rec:18.38  KL:8.70  Coh:0.83
2025-07-22 17:51:11 [INFO] Epoch  50/300  Loss:43.74  ACC:36.83  NMI:32.92  ARI:21.05  PUR:39.75
2025-07-22 17:51:11 [INFO] New best ACC achieved: 36.83%
2025-07-22 17:51:34 [INFO] Train Loss:39.17 Rec:14.21  KL:10.55  Coh:0.72
2025-07-22 17:51:34 [INFO] Epoch 100/300  Loss:39.17  ACC:39.15  NMI:34.07  ARI:21.68  PUR:41.32
2025-07-22 17:51:34 [INFO] New best ACC achieved: 39.15%
2025-07-22 17:51:58 [INFO] Train Loss:37.12 Rec:12.37  KL:11.31  Coh:0.67
2025-07-22 17:51:58 [INFO] Epoch 150/300  Loss:37.12  ACC:41.49  NMI:34.74  ARI:22.69  PUR:43.72
2025-07-22 17:51:58 [INFO] New best ACC achieved: 41.49%
2025-07-22 17:52:22 [INFO] Train Loss:36.01 Rec:11.33  KL:11.71  Coh:0.65
2025-07-22 17:52:22 [INFO] Epoch 200/300  Loss:36.01  ACC:41.67  NMI:34.67  ARI:22.67  PUR:43.84
2025-07-22 17:52:22 [INFO] New best ACC achieved: 41.67%
2025-07-22 17:52:45 [INFO] Train Loss:35.36 Rec:10.79  KL:11.88  Coh:0.63
2025-07-22 17:52:45 [INFO] Epoch 250/300  Loss:35.36  ACC:41.29  NMI:34.17  ARI:22.29  PUR:43.48
2025-07-22 17:53:08 [INFO] Train Loss:35.09 Rec:10.48  KL:11.97  Coh:0.63
2025-07-22 17:53:08 [INFO] Epoch 300/300  Loss:35.09  ACC:41.23  NMI:34.16  ARI:22.25  PUR:43.43
2025-07-22 17:53:08 [INFO] Best performance - Epoch 200: ACC=41.67%, NMI=34.67%, ARI=22.67%, PUR=43.84%
2025-07-22 17:53:08 [INFO] Finish training
2025-07-22 17:53:08 [INFO] 🧪 Test Run 2/5
2025-07-22 17:53:08 [INFO] ------------------------------------------------------------
2025-07-22 17:53:08 [INFO] Initializing......
2025-07-22 17:53:18 [INFO] Training......
2025-07-22 17:53:21 [INFO] --------------------------------------------------
2025-07-22 17:53:21 [INFO] Information Matrix Statistics:
2025-07-22 17:53:21 [INFO] View 1: Missing=3691, Score Mean=618.8607±160.2797, Range=[98.3407, 906.7627]
2025-07-22 17:53:21 [INFO] View 2: Missing=2488, Score Mean=1430.3171±307.9606, Range=[131.7585, 1984.2401]
2025-07-22 17:53:21 [INFO] View 3: Missing=549, Score Mean=1238.5790±391.4247, Range=[256.2834, 2187.9204]
2025-07-22 17:53:21 [INFO] Global Missing: Total=6728, Score Mean=969.5041±462.1170
2025-07-22 17:53:21 [INFO] --------------------------------------------------
2025-07-22 17:53:21 [INFO] Inter-view Correlation Matrix:
2025-07-22 17:53:21 [INFO] View 1:  1.000  0.932  0.904 
2025-07-22 17:53:21 [INFO] View 2:  0.932  1.000  0.804 
2025-07-22 17:53:21 [INFO] View 3:  0.904  0.804  1.000 
2025-07-22 17:53:21 [INFO] --------------------------------------------------
2025-07-22 17:53:21 [INFO] Selective Imputation: 3364/6728.0 (50.0%) positions will be imputed
2025-07-22 17:53:21 [INFO] ==================================================
2025-07-22 17:53:44 [INFO] Train Loss:44.27 Rec:18.87  KL:8.47  Coh:0.85
2025-07-22 17:53:44 [INFO] Epoch  50/300  Loss:44.27  ACC:38.39  NMI:32.06  ARI:20.97  PUR:40.25
2025-07-22 17:53:44 [INFO] New best ACC achieved: 38.39%
2025-07-22 17:54:06 [INFO] Train Loss:39.31 Rec:14.54  KL:10.45  Coh:0.72
2025-07-22 17:54:06 [INFO] Epoch 100/300  Loss:39.31  ACC:37.99  NMI:33.62  ARI:21.47  PUR:41.07
2025-07-22 17:54:29 [INFO] Train Loss:37.21 Rec:12.66  KL:11.16  Coh:0.67
2025-07-22 17:54:29 [INFO] Epoch 150/300  Loss:37.21  ACC:38.37  NMI:33.53  ARI:21.26  PUR:41.34
2025-07-22 17:54:52 [INFO] Train Loss:36.14 Rec:11.65  KL:11.53  Coh:0.65
2025-07-22 17:54:52 [INFO] Epoch 200/300  Loss:36.14  ACC:38.48  NMI:33.28  ARI:21.10  PUR:41.43
2025-07-22 17:54:52 [INFO] New best ACC achieved: 38.48%
2025-07-22 17:55:14 [INFO] Train Loss:35.38 Rec:11.03  KL:11.75  Coh:0.63
2025-07-22 17:55:14 [INFO] Epoch 250/300  Loss:35.38  ACC:38.28  NMI:33.15  ARI:20.89  PUR:41.29
2025-07-22 17:55:37 [INFO] Train Loss:35.13 Rec:10.73  KL:11.89  Coh:0.63
2025-07-22 17:55:37 [INFO] Epoch 300/300  Loss:35.13  ACC:38.17  NMI:33.08  ARI:20.81  PUR:41.32
2025-07-22 17:55:37 [INFO] Best performance - Epoch 200: ACC=38.48%, NMI=33.28%, ARI=21.10%, PUR=41.43%
2025-07-22 17:55:37 [INFO] Finish training
2025-07-22 17:55:37 [INFO] 🧪 Test Run 3/5
2025-07-22 17:55:37 [INFO] ------------------------------------------------------------
2025-07-22 17:55:37 [INFO] Initializing......
2025-07-22 17:55:47 [INFO] Training......
2025-07-22 17:55:50 [INFO] --------------------------------------------------
2025-07-22 17:55:50 [INFO] Information Matrix Statistics:
2025-07-22 17:55:50 [INFO] View 1: Missing=3741, Score Mean=598.4042±153.2093, Range=[110.4674, 885.1444]
2025-07-22 17:55:50 [INFO] View 2: Missing=2438, Score Mean=1468.0829±305.8700, Range=[115.1204, 2003.1211]
2025-07-22 17:55:50 [INFO] View 3: Missing=549, Score Mean=1312.3707±396.0279, Range=[210.7625, 2209.8120]
2025-07-22 17:55:50 [INFO] Global Missing: Total=6728, Score Mean=971.8055±485.7885
2025-07-22 17:55:50 [INFO] --------------------------------------------------
2025-07-22 17:55:50 [INFO] Inter-view Correlation Matrix:
2025-07-22 17:55:50 [INFO] View 1:  1.000  0.937  0.891 
2025-07-22 17:55:50 [INFO] View 2:  0.937  1.000  0.800 
2025-07-22 17:55:50 [INFO] View 3:  0.891  0.800  1.000 
2025-07-22 17:55:50 [INFO] --------------------------------------------------
2025-07-22 17:55:50 [INFO] Selective Imputation: 3364/6728.0 (50.0%) positions will be imputed
2025-07-22 17:55:50 [INFO] ==================================================
2025-07-22 17:56:13 [INFO] Train Loss:44.60 Rec:18.97  KL:8.64  Coh:0.85
2025-07-22 17:56:13 [INFO] Epoch  50/300  Loss:44.60  ACC:36.45  NMI:31.55  ARI:19.63  PUR:38.73
2025-07-22 17:56:13 [INFO] New best ACC achieved: 36.45%
2025-07-22 17:56:35 [INFO] Train Loss:39.43 Rec:14.72  KL:10.52  Coh:0.71
2025-07-22 17:56:35 [INFO] Epoch 100/300  Loss:39.43  ACC:39.38  NMI:33.59  ARI:21.19  PUR:40.94
2025-07-22 17:56:35 [INFO] New best ACC achieved: 39.38%
2025-07-22 17:56:58 [INFO] Train Loss:37.33 Rec:12.95  KL:11.16  Coh:0.66
2025-07-22 17:56:58 [INFO] Epoch 150/300  Loss:37.33  ACC:39.67  NMI:33.82  ARI:21.45  PUR:41.69
2025-07-22 17:56:58 [INFO] New best ACC achieved: 39.67%
2025-07-22 17:57:21 [INFO] Train Loss:36.26 Rec:11.91  KL:11.48  Coh:0.64
2025-07-22 17:57:21 [INFO] Epoch 200/300  Loss:36.26  ACC:39.24  NMI:33.51  ARI:21.26  PUR:41.38
2025-07-22 17:57:44 [INFO] Train Loss:35.57 Rec:11.33  KL:11.64  Coh:0.63
2025-07-22 17:57:44 [INFO] Epoch 250/300  Loss:35.57  ACC:39.58  NMI:33.44  ARI:21.28  PUR:41.49
2025-07-22 17:58:06 [INFO] Train Loss:35.33 Rec:11.06  KL:11.76  Coh:0.63
2025-07-22 17:58:06 [INFO] Epoch 300/300  Loss:35.33  ACC:39.46  NMI:33.26  ARI:21.14  PUR:41.45
2025-07-22 17:58:06 [INFO] Best performance - Epoch 150: ACC=39.67%, NMI=33.82%, ARI=21.45%, PUR=41.69%
2025-07-22 17:58:06 [INFO] Finish training
2025-07-22 17:58:06 [INFO] 🧪 Test Run 4/5
2025-07-22 17:58:06 [INFO] ------------------------------------------------------------
2025-07-22 17:58:06 [INFO] Initializing......
2025-07-22 17:58:17 [INFO] Training......
2025-07-22 17:58:19 [INFO] --------------------------------------------------
2025-07-22 17:58:19 [INFO] Information Matrix Statistics:
2025-07-22 17:58:19 [INFO] View 1: Missing=3719, Score Mean=625.7388±154.7914, Range=[58.6226, 893.5409]
2025-07-22 17:58:19 [INFO] View 2: Missing=2472, Score Mean=1535.9011±330.7359, Range=[63.2236, 2104.2441]
2025-07-22 17:58:19 [INFO] View 3: Missing=537, Score Mean=1292.7201±403.4934, Range=[125.9632, 2243.9014]
2025-07-22 17:58:19 [INFO] Global Missing: Total=6728, Score Mean=1013.3860±505.9994
2025-07-22 17:58:19 [INFO] --------------------------------------------------
2025-07-22 17:58:19 [INFO] Inter-view Correlation Matrix:
2025-07-22 17:58:19 [INFO] View 1:  1.000  0.935  0.901 
2025-07-22 17:58:19 [INFO] View 2:  0.935  1.000  0.814 
2025-07-22 17:58:19 [INFO] View 3:  0.901  0.814  1.000 
2025-07-22 17:58:19 [INFO] --------------------------------------------------
2025-07-22 17:58:19 [INFO] Selective Imputation: 3364/6728.0 (50.0%) positions will be imputed
2025-07-22 17:58:19 [INFO] ==================================================
2025-07-22 17:58:42 [INFO] Train Loss:44.13 Rec:18.44  KL:8.87  Coh:0.84
2025-07-22 17:58:42 [INFO] Epoch  50/300  Loss:44.13  ACC:40.67  NMI:35.87  ARI:24.52  PUR:42.14
2025-07-22 17:58:42 [INFO] New best ACC achieved: 40.67%
2025-07-22 17:59:05 [INFO] Train Loss:39.12 Rec:14.11  KL:10.76  Coh:0.71
2025-07-22 17:59:05 [INFO] Epoch 100/300  Loss:39.12  ACC:43.57  NMI:35.95  ARI:23.62  PUR:44.15
2025-07-22 17:59:05 [INFO] New best ACC achieved: 43.57%
2025-07-22 17:59:27 [INFO] Train Loss:36.94 Rec:12.18  KL:11.44  Coh:0.67
2025-07-22 17:59:27 [INFO] Epoch 150/300  Loss:36.94  ACC:43.52  NMI:35.56  ARI:23.01  PUR:44.21
2025-07-22 17:59:50 [INFO] Train Loss:35.89 Rec:11.17  KL:11.81  Coh:0.65
2025-07-22 17:59:50 [INFO] Epoch 200/300  Loss:35.89  ACC:43.19  NMI:35.43  ARI:22.58  PUR:44.01
2025-07-22 18:00:13 [INFO] Train Loss:35.26 Rec:10.66  KL:11.93  Coh:0.63
2025-07-22 18:00:13 [INFO] Epoch 250/300  Loss:35.26  ACC:42.97  NMI:35.19  ARI:22.34  PUR:43.88
2025-07-22 18:00:35 [INFO] Train Loss:34.88 Rec:10.32  KL:12.04  Coh:0.63
2025-07-22 18:00:35 [INFO] Epoch 300/300  Loss:34.88  ACC:42.61  NMI:34.95  ARI:22.08  PUR:43.57
2025-07-22 18:00:35 [INFO] Best performance - Epoch 100: ACC=43.57%, NMI=35.95%, ARI=23.62%, PUR=44.15%
2025-07-22 18:00:35 [INFO] Finish training
2025-07-22 18:00:35 [INFO] 🧪 Test Run 5/5
2025-07-22 18:00:35 [INFO] ------------------------------------------------------------
2025-07-22 18:00:36 [INFO] Initializing......
2025-07-22 18:00:46 [INFO] Training......
2025-07-22 18:00:49 [INFO] --------------------------------------------------
2025-07-22 18:00:49 [INFO] Information Matrix Statistics:
2025-07-22 18:00:49 [INFO] View 1: Missing=3724, Score Mean=661.4954±165.2324, Range=[97.5076, 941.0400]
2025-07-22 18:00:49 [INFO] View 2: Missing=2540, Score Mean=1512.7603±278.5687, Range=[210.7661, 2022.7561]
2025-07-22 18:00:49 [INFO] View 3: Missing=464, Score Mean=1312.3051±357.6778, Range=[464.5729, 2236.9885]
2025-07-22 18:00:49 [INFO] Global Missing: Total=6728, Score Mean=1027.7542±471.0324
2025-07-22 18:00:49 [INFO] --------------------------------------------------
2025-07-22 18:00:49 [INFO] Inter-view Correlation Matrix:
2025-07-22 18:00:49 [INFO] View 1:  1.000  0.928  0.898 
2025-07-22 18:00:49 [INFO] View 2:  0.928  1.000  0.803 
2025-07-22 18:00:49 [INFO] View 3:  0.898  0.803  1.000 
2025-07-22 18:00:49 [INFO] --------------------------------------------------
2025-07-22 18:00:49 [INFO] Selective Imputation: 3364/6728.0 (50.0%) positions will be imputed
2025-07-22 18:00:49 [INFO] ==================================================
2025-07-22 18:01:11 [INFO] Train Loss:44.54 Rec:18.96  KL:8.63  Coh:0.85
2025-07-22 18:01:11 [INFO] Epoch  50/300  Loss:44.54  ACC:35.27  NMI:30.37  ARI:18.34  PUR:37.35
2025-07-22 18:01:11 [INFO] New best ACC achieved: 35.27%
2025-07-22 18:01:34 [INFO] Train Loss:39.42 Rec:14.45  KL:10.63  Coh:0.72
2025-07-22 18:01:34 [INFO] Epoch 100/300  Loss:39.42  ACC:36.77  NMI:31.63  ARI:19.69  PUR:39.58
2025-07-22 18:01:34 [INFO] New best ACC achieved: 36.77%
2025-07-22 18:01:57 [INFO] Train Loss:37.28 Rec:12.53  KL:11.32  Coh:0.67
2025-07-22 18:01:57 [INFO] Epoch 150/300  Loss:37.28  ACC:37.41  NMI:31.49  ARI:19.67  PUR:39.87
2025-07-22 18:01:57 [INFO] New best ACC achieved: 37.41%
2025-07-22 18:02:19 [INFO] Train Loss:36.12 Rec:11.47  KL:11.65  Coh:0.65
2025-07-22 18:02:19 [INFO] Epoch 200/300  Loss:36.12  ACC:37.55  NMI:31.59  ARI:19.72  PUR:40.00
2025-07-22 18:02:19 [INFO] New best ACC achieved: 37.55%
2025-07-22 18:02:42 [INFO] Train Loss:35.51 Rec:10.92  KL:11.88  Coh:0.64
2025-07-22 18:02:42 [INFO] Epoch 250/300  Loss:35.51  ACC:37.55  NMI:31.47  ARI:19.60  PUR:39.98
2025-07-22 18:02:42 [INFO] New best ACC achieved: 37.55%
2025-07-22 18:03:05 [INFO] Train Loss:34.98 Rec:10.57  KL:11.94  Coh:0.62
2025-07-22 18:03:05 [INFO] Epoch 300/300  Loss:34.98  ACC:37.61  NMI:31.47  ARI:19.60  PUR:39.98
2025-07-22 18:03:05 [INFO] New best ACC achieved: 37.61%
2025-07-22 18:03:05 [INFO] Best performance - Epoch 300: ACC=37.61%, NMI=31.47%, ARI=19.60%, PUR=39.98%
2025-07-22 18:03:05 [INFO] Finish training
2025-07-22 18:03:05 [INFO] Average ACC 39.82 std 1.87 Average NMI 33.38 std 1.17 Average ARI 21.18 std 0.96 Average PUR 41.95 std 1.37
2025-07-22 18:03:05 [INFO] Log saved to: ./log\Scene-15\mr0.5_sr0.5_seed19_20250722_175033.log
